[      72ms] [INFO] %cDownload the React DevTools for a better development experience: https://reactjs.org/link/react-devtools font-weight:bold @ http://localhost:5174/node_modules/.vite/deps/chunk-KDCVS43I.js?v=83b63aaf:21608
[     314ms] [LOG] [boot] uid: 7b1b4589-a25b-4566-aefa-9c114dfd2a64 | pin_hash: ✓ @ http://localhost:5174/src/main.tsx:36
[     326ms] [LOG] [boot] uid: 7b1b4589-a25b-4566-aefa-9c114dfd2a64 | pin_hash: ✓ @ http://localhost:5174/src/main.tsx:36
[     338ms] [LOG] [boot] user: Cuong Quach @ http://localhost:5174/src/main.tsx:39
[     361ms] [LOG] [boot] user: Cuong Quach @ http://localhost:5174/src/main.tsx:39
[     428ms] [VERBOSE] [DOM] Password field is not contained in a form: (More info: https://goo.gl/9p2vKq) %o @ http://localhost:5174/login:0
[     428ms] [VERBOSE] [DOM] Password field is not contained in a form: (More info: https://goo.gl/9p2vKq) %o @ http://localhost:5174/login:0
[     428ms] [VERBOSE] [DOM] Password field is not contained in a form: (More info: https://goo.gl/9p2vKq) %o @ http://localhost:5174/login:0
[     428ms] [VERBOSE] [DOM] Password field is not contained in a form: (More info: https://goo.gl/9p2vKq) %o @ http://localhost:5174/login:0
[  739418ms] [ERROR] WebSocket connection to 'ws://localhost:5174/?token=JUcOb3ZLiDFo' failed:  @ http://localhost:5174/@vite/client:801
[  739418ms] [LOG] [vite] server connection lost. Polling for restart... @ http://localhost:5174/@vite/client:963
[  739451ms] [ERROR] WebSocket connection to 'ws://localhost:5174/' failed: Error in connection establishment: net::ERR_CONNECTION_REFUSED @ http://localhost:5174/@vite/client:1034
[  740454ms] [ERROR] WebSocket connection to 'ws://localhost:5174/' failed: Error in connection establishment: net::ERR_CONNECTION_REFUSED @ http://localhost:5174/@vite/client:1034
[  741456ms] [ERROR] WebSocket connection to 'ws://localhost:5174/' failed: Error in connection establishment: net::ERR_CONNECTION_REFUSED @ http://localhost:5174/@vite/client:1034
[  742458ms] [ERROR] WebSocket connection to 'ws://localhost:5174/' failed: Error in connection establishment: net::ERR_CONNECTION_REFUSED @ http://localhost:5174/@vite/client:1034
[  743461ms] [ERROR] WebSocket connection to 'ws://localhost:5174/' failed: Error in connection establishment: net::ERR_CONNECTION_REFUSED @ http://localhost:5174/@vite/client:1034
[  744468ms] [ERROR] WebSocket connection to 'ws://localhost:5174/' failed: Error in connection establishment: net::ERR_CONNECTION_REFUSED @ http://localhost:5174/@vite/client:1034
[  745472ms] [ERROR] WebSocket connection to 'ws://localhost:5174/' failed: Error in connection establishment: net::ERR_CONNECTION_REFUSED @ http://localhost:5174/@vite/client:1034
[  747050ms] [INFO] %cDownload the React DevTools for a better development experience: https://reactjs.org/link/react-devtools font-weight:bold @ http://localhost:5174/node_modules/.vite/deps/chunk-KDCVS43I.js?v=83b63aaf:21608
[  747288ms] [LOG] [boot] uid: 7b1b4589-a25b-4566-aefa-9c114dfd2a64 | pin_hash: ✓ @ http://localhost:5174/src/main.tsx:36
[  747301ms] [LOG] [boot] uid: 7b1b4589-a25b-4566-aefa-9c114dfd2a64 | pin_hash: ✓ @ http://localhost:5174/src/main.tsx:36
[  747314ms] [LOG] [boot] user: Cuong Quach @ http://localhost:5174/src/main.tsx:39
[  747333ms] [LOG] [boot] user: Cuong Quach @ http://localhost:5174/src/main.tsx:39
[  872976ms] [ERROR] WebSocket connection to 'ws://localhost:5174/?token=xKJ18cSxVKhC' failed:  @ http://localhost:5174/@vite/client:801
[  872976ms] [LOG] [vite] server connection lost. Polling for restart... @ http://localhost:5174/@vite/client:963
[  873005ms] [ERROR] WebSocket connection to 'ws://localhost:5174/' failed: Error in connection establishment: net::ERR_CONNECTION_REFUSED @ http://localhost:5174/@vite/client:1034
[  874007ms] [ERROR] WebSocket connection to 'ws://localhost:5174/' failed: Error in connection establishment: net::ERR_CONNECTION_REFUSED @ http://localhost:5174/@vite/client:1034
[  875009ms] [ERROR] WebSocket connection to 'ws://localhost:5174/' failed: Error in connection establishment: net::ERR_CONNECTION_REFUSED @ http://localhost:5174/@vite/client:1034
[  876012ms] [ERROR] WebSocket connection to 'ws://localhost:5174/' failed: Error in connection establishment: net::ERR_CONNECTION_REFUSED @ http://localhost:5174/@vite/client:1034
[  877015ms] [ERROR] WebSocket connection to 'ws://localhost:5174/' failed: Error in connection establishment: net::ERR_CONNECTION_REFUSED @ http://localhost:5174/@vite/client:1034
[  878022ms] [ERROR] WebSocket connection to 'ws://localhost:5174/' failed: Error in connection establishment: net::ERR_CONNECTION_REFUSED @ http://localhost:5174/@vite/client:1034
[  879581ms] [INFO] %cDownload the React DevTools for a better development experience: https://reactjs.org/link/react-devtools font-weight:bold @ http://localhost:5174/node_modules/.vite/deps/chunk-KDCVS43I.js?v=83b63aaf:21608
[  879825ms] [LOG] [boot] uid: 7b1b4589-a25b-4566-aefa-9c114dfd2a64 | pin_hash: ✓ @ http://localhost:5174/src/main.tsx:36
[  879838ms] [LOG] [boot] uid: 7b1b4589-a25b-4566-aefa-9c114dfd2a64 | pin_hash: ✓ @ http://localhost:5174/src/main.tsx:36
[  879852ms] [LOG] [boot] user: Cuong Quach @ http://localhost:5174/src/main.tsx:39
[  879869ms] [LOG] [boot] user: Cuong Quach @ http://localhost:5174/src/main.tsx:39
[ 1220659ms] [ERROR] Warning: You are calling ReactDOMClient.createRoot() on a container that has already been passed to createRoot() before. Instead, call root.render() on the existing root instead if you want to update it. @ http://localhost:5174/node_modules/.vite/deps/chunk-KDCVS43I.js?v=83b63aaf:520
[ 1220868ms] [LOG] [boot] uid: 7b1b4589-a25b-4566-aefa-9c114dfd2a64 | pin_hash: ✓ @ http://localhost:5174/src/main.tsx?t=1783074886988:36
[ 1220881ms] [LOG] [boot] uid: 7b1b4589-a25b-4566-aefa-9c114dfd2a64 | pin_hash: ✓ @ http://localhost:5174/src/main.tsx?t=1783074886988:36
[ 1220895ms] [LOG] [boot] uid: 7b1b4589-a25b-4566-aefa-9c114dfd2a64 | pin_hash: ✓ @ http://localhost:5174/src/main.tsx?t=1783074886988:36
[ 1220908ms] [LOG] [boot] user: Cuong Quach @ http://localhost:5174/src/main.tsx?t=1783074886988:39
[ 1220928ms] [LOG] [boot] user: Cuong Quach @ http://localhost:5174/src/main.tsx?t=1783074886988:39
[ 1220952ms] [LOG] [boot] user: Cuong Quach @ http://localhost:5174/src/main.tsx?t=1783074886988:39
[ 1257968ms] NotFoundError: Failed to execute 'removeChild' on 'Node': The node to be removed is not a child of this node.
    at removeChildFromContainer (http://localhost:5174/node_modules/.vite/deps/chunk-KDCVS43I.js?v=83b63aaf:8509:23)
    at commitDeletionEffectsOnFiber (http://localhost:5174/node_modules/.vite/deps/chunk-KDCVS43I.js?v=83b63aaf:17558:21)
    at recursivelyTraverseDeletionEffects (http://localhost:5174/node_modules/.vite/deps/chunk-KDCVS43I.js?v=83b63aaf:17535:13)
    at commitDeletionEffectsOnFiber (http://localhost:5174/node_modules/.vite/deps/chunk-KDCVS43I.js?v=83b63aaf:17627:15)
    at commitDeletionEffects (http://localhost:5174/node_modules/.vite/deps/chunk-KDCVS43I.js?v=83b63aaf:17526:13)
    at recursivelyTraverseMutationEffects (http://localhost:5174/node_modules/.vite/deps/chunk-KDCVS43I.js?v=83b63aaf:17724:17)
    at commitMutationEffectsOnFiber (http://localhost:5174/node_modules/.vite/deps/chunk-KDCVS43I.js?v=83b63aaf:17946:15)
    at recursivelyTraverseMutationEffects (http://localhost:5174/node_modules/.vite/deps/chunk-KDCVS43I.js?v=83b63aaf:17735:15)
    at commitMutationEffectsOnFiber (http://localhost:5174/node_modules/.vite/deps/chunk-KDCVS43I.js?v=83b63aaf:17749:15)
    at recursivelyTraverseMutationEffects (http://localhost:5174/node_modules/.vite/deps/chunk-KDCVS43I.js?v=83b63aaf:17735:15)
[ 1257970ms] [ERROR] Error handled by React Router default ErrorBoundary: NotFoundError: Failed to execute 'removeChild' on 'Node': The node to be removed is not a child of this node.
    at removeChildFromContainer (http://localhost:5174/node_modules/.vite/deps/chunk-KDCVS43I.js?v=83b63aaf:8509:23)
    at commitDeletionEffectsOnFiber (http://localhost:5174/node_modules/.vite/deps/chunk-KDCVS43I.js?v=83b63aaf:17558:21)
    at recursivelyTraverseDeletionEffects (http://localhost:5174/node_modules/.vite/deps/chunk-KDCVS43I.js?v=83b63aaf:17535:13)
    at commitDeletionEffectsOnFiber (http://localhost:5174/node_modules/.vite/deps/chunk-KDCVS43I.js?v=83b63aaf:17627:15)
    at commitDeletionEffects (http://localhost:5174/node_modules/.vite/deps/chunk-KDCVS43I.js?v=83b63aaf:17526:13)
    at recursivelyTraverseMutationEffects (http://localhost:5174/node_modules/.vite/deps/chunk-KDCVS43I.js?v=83b63aaf:17724:17)
    at commitMutationEffectsOnFiber (http://localhost:5174/node_modules/.vite/deps/chunk-KDCVS43I.js?v=83b63aaf:17946:15)
    at recursivelyTraverseMutationEffects (http://localhost:5174/node_modules/.vite/deps/chunk-KDCVS43I.js?v=83b63aaf:17735:15)
    at commitMutationEffectsOnFiber (http://localhost:5174/node_modules/.vite/deps/chunk-KDCVS43I.js?v=83b63aaf:17749:15)
    at recursivelyTraverseMutationEffects (http://localhost:5174/node_modules/.vite/deps/chunk-KDCVS43I.js?v=83b63aaf:17735:15) @ http://localhost:5174/node_modules/.vite/deps/react-router-dom.js?v=83b63aaf:6569
[ 1257970ms] [ERROR] Error handled by React Router default ErrorBoundary: NotFoundError: Failed to execute 'removeChild' on 'Node': The node to be removed is not a child of this node.
    at removeChildFromContainer (http://localhost:5174/node_modules/.vite/deps/chunk-KDCVS43I.js?v=83b63aaf:8509:23)
    at commitDeletionEffectsOnFiber (http://localhost:5174/node_modules/.vite/deps/chunk-KDCVS43I.js?v=83b63aaf:17558:21)
    at recursivelyTraverseDeletionEffects (http://localhost:5174/node_modules/.vite/deps/chunk-KDCVS43I.js?v=83b63aaf:17535:13)
    at commitDeletionEffectsOnFiber (http://localhost:5174/node_modules/.vite/deps/chunk-KDCVS43I.js?v=83b63aaf:17627:15)
    at commitDeletionEffects (http://localhost:5174/node_modules/.vite/deps/chunk-KDCVS43I.js?v=83b63aaf:17526:13)
    at recursivelyTraverseMutationEffects (http://localhost:5174/node_modules/.vite/deps/chunk-KDCVS43I.js?v=83b63aaf:17724:17)
    at commitMutationEffectsOnFiber (http://localhost:5174/node_modules/.vite/deps/chunk-KDCVS43I.js?v=83b63aaf:17946:15)
    at recursivelyTraverseMutationEffects (http://localhost:5174/node_modules/.vite/deps/chunk-KDCVS43I.js?v=83b63aaf:17735:15)
    at commitMutationEffectsOnFiber (http://localhost:5174/node_modules/.vite/deps/chunk-KDCVS43I.js?v=83b63aaf:17749:15)
    at recursivelyTraverseMutationEffects (http://localhost:5174/node_modules/.vite/deps/chunk-KDCVS43I.js?v=83b63aaf:17735:15) @ http://localhost:5174/node_modules/.vite/deps/react-router-dom.js?v=83b63aaf:6569
[ 1257970ms] [ERROR] The above error occurred in the <Home> component:

    at Home (http://localhost:5174/src/pages/Home.tsx?t=1783074886988:445:20)
    at RenderedRoute (http://localhost:5174/node_modules/.vite/deps/react-router-dom.js?v=83b63aaf:6669:26)
    at RenderErrorBoundary (http://localhost:5174/node_modules/.vite/deps/react-router-dom.js?v=83b63aaf:6581:5)
    at DataRoutes2 (http://localhost:5174/node_modules/.vite/deps/react-router-dom.js?v=83b63aaf:7443:3)
    at Router (http://localhost:5174/node_modules/.vite/deps/react-router-dom.js?v=83b63aaf:7543:13)
    at RouterProvider (http://localhost:5174/node_modules/.vite/deps/react-router-dom.js?v=83b63aaf:7207:11)
    at RouterProvider2
    at PGliteProvider (http://localhost:5174/node_modules/.vite/deps/@electric-sql_pglite-react.js?v=83b63aaf:23:35)
    at App (http://localhost:5174/src/main.tsx?t=1783074886988:28:16)

React will try to recreate this component tree from scratch using the error boundary you provided, RenderErrorBoundary. @ http://localhost:5174/node_modules/.vite/deps/chunk-KDCVS43I.js?v=83b63aaf:14079
[ 1257970ms] [ERROR] React Router caught the following error during render NotFoundError: Failed to execute 'removeChild' on 'Node': The node to be removed is not a child of this node.
    at removeChildFromContainer (http://localhost:5174/node_modules/.vite/deps/chunk-KDCVS43I.js?v=83b63aaf:8509:23)
    at commitDeletionEffectsOnFiber (http://localhost:5174/node_modules/.vite/deps/chunk-KDCVS43I.js?v=83b63aaf:17558:21)
    at recursivelyTraverseDeletionEffects (http://localhost:5174/node_modules/.vite/deps/chunk-KDCVS43I.js?v=83b63aaf:17535:13)
    at commitDeletionEffectsOnFiber (http://localhost:5174/node_modules/.vite/deps/chunk-KDCVS43I.js?v=83b63aaf:17627:15)
    at commitDeletionEffects (http://localhost:5174/node_modules/.vite/deps/chunk-KDCVS43I.js?v=83b63aaf:17526:13)
    at recursivelyTraverseMutationEffects (http://localhost:5174/node_modules/.vite/deps/chunk-KDCVS43I.js?v=83b63aaf:17724:17)
    at commitMutationEffectsOnFiber (http://localhost:5174/node_modules/.vite/deps/chunk-KDCVS43I.js?v=83b63aaf:17946:15)
    at recursivelyTraverseMutationEffects (http://localhost:5174/node_modules/.vite/deps/chunk-KDCVS43I.js?v=83b63aaf:17735:15)
    at commitMutationEffectsOnFiber (http://localhost:5174/node_modules/.vite/deps/chunk-KDCVS43I.js?v=83b63aaf:17749:15)
    at recursivelyTraverseMutationEffects (http://localhost:5174/node_modules/.vite/deps/chunk-KDCVS43I.js?v=83b63aaf:17735:15) @ http://localhost:5174/node_modules/.vite/deps/react-router-dom.js?v=83b63aaf:6608
[ 1263619ms] [VERBOSE] [DOM] Password field is not contained in a form: (More info: https://goo.gl/9p2vKq) %o @ http://localhost:5174/login:0
[ 1263619ms] [VERBOSE] [DOM] Password field is not contained in a form: (More info: https://goo.gl/9p2vKq) %o @ http://localhost:5174/login:0
[ 1263619ms] [VERBOSE] [DOM] Password field is not contained in a form: (More info: https://goo.gl/9p2vKq) %o @ http://localhost:5174/login:0
[ 1263619ms] [VERBOSE] [DOM] Password field is not contained in a form: (More info: https://goo.gl/9p2vKq) %o @ http://localhost:5174/login:0
[ 1263619ms] [VERBOSE] [DOM] Password field is not contained in a form: (More info: https://goo.gl/9p2vKq) %o @ http://localhost:5174/login:0
[ 1263619ms] [VERBOSE] [DOM] Password field is not contained in a form: (More info: https://goo.gl/9p2vKq) %o @ http://localhost:5174/login:0
[ 1263619ms] [VERBOSE] [DOM] Password field is not contained in a form: (More info: https://goo.gl/9p2vKq) %o @ http://localhost:5174/login:0
[ 1263619ms] [VERBOSE] [DOM] Password field is not contained in a form: (More info: https://goo.gl/9p2vKq) %o @ http://localhost:5174/login:0
